{
  "RSpec": {
    "coverage": {
      "/Users/igormagalhaes/Desktop/turing/4mod/projects/user_mood/app/models/mood.rb": {
        "lines": [
          1,
          1,
          1,
          1,
          null
        ]
      },
      "/Users/igormagalhaes/Desktop/turing/4mod/projects/user_mood/app/models/application_record.rb": {
        "lines": [
          1,
          1,
          null
        ]
      },
      "/Users/igormagalhaes/Desktop/turing/4mod/projects/user_mood/spec/requests/api/v1/user_moods_spec.rb": {
        "lines": [
          1,
          null,
          1,
          1,
          1,
          1,
          1,
          1,
          1,
          null,
          1,
          null,
          1,
          0,
          null,
          0,
          null,
          0,
          null,
          null,
          null
        ]
      }
    },
    "timestamp": 1715888676
  }
}
