{
  "RSpec": {
    "coverage": {
      "/Users/igormagalhaes/Desktop/turing/4mod/projects/user_mood/app/models/mood.rb": {
        "lines": [
          1,
          1,
          1,
          1,
          null,
          1,
          null,
          1,
          3,
          null,
          null,
          1,
          3,
          null,
          null,
          1,
          17,
          null,
          null
        ]
      },
      "/Users/igormagalhaes/Desktop/turing/4mod/projects/user_mood/app/models/application_record.rb": {
        "lines": [
          1,
          1,
          null
        ]
      },
      "/Users/igormagalhaes/Desktop/turing/4mod/projects/user_mood/spec/requests/api/v1/user_moods_spec.rb": {
        "lines": [
          1,
          null,
          1,
          1,
          1,
          1,
          1,
          1,
          1,
          null,
          1,
          null,
          1,
          1,
          null,
          1,
          null,
          1,
          1,
          null,
          1,
          null,
          1,
          1,
          1,
          null,
          1,
          null,
          1,
          1,
          1,
          1,
          1,
          1,
          1,
          null,
          null,
          1,
          1,
          null,
          1,
          1,
          null,
          1,
          null,
          1,
          1,
          null,
          1,
          null,
          1,
          1,
          1,
          null,
          1,
          null,
          1,
          1,
          1,
          null,
          null,
          1,
          1,
          null,
          1,
          1,
          null,
          1,
          null,
          1,
          1,
          1,
          null,
          null,
          null,
          1,
          1,
          1,
          1,
          null,
          1,
          null,
          null,
          null,
          null,
          1,
          null,
          1,
          null,
          1,
          null,
          1,
          1,
          null,
          1,
          1,
          1,
          1,
          null,
          null,
          1,
          1,
          1,
          null,
          1,
          null,
          null,
          null,
          1,
          null,
          1,
          null,
          1,
          null,
          1,
          1,
          null,
          1,
          null,
          1,
          1,
          1,
          null,
          null,
          1,
          1,
          1,
          null,
          1,
          null,
          null,
          null,
          1,
          null,
          1,
          null,
          1,
          null,
          1,
          1,
          null,
          1,
          null,
          1,
          1,
          1,
          null,
          null,
          1,
          1,
          1,
          null,
          null,
          1,
          null,
          null,
          null,
          1,
          null,
          1,
          null,
          1,
          null,
          1,
          1,
          null,
          1,
          null,
          1,
          1,
          1,
          null,
          null,
          null
        ]
      },
      "/Users/igormagalhaes/Desktop/turing/4mod/projects/user_mood/app/controllers/api/v1/moods_controller.rb": {
        "lines": [
          1,
          1,
          null,
          1,
          2,
          2,
          null,
          null,
          2,
          null,
          null,
          null,
          2,
          null,
          null,
          1,
          null,
          4,
          1,
          null,
          3,
          null,
          null,
          null,
          null,
          1,
          null,
          1,
          3,
          3,
          1,
          1,
          null,
          null,
          null,
          null,
          1,
          4,
          null,
          null
        ]
      },
      "/Users/igormagalhaes/Desktop/turing/4mod/projects/user_mood/app/controllers/application_controller.rb": {
        "lines": [
          1,
          null
        ]
      },
      "/Users/igormagalhaes/Desktop/turing/4mod/projects/user_mood/app/serializers/mood_serializer.rb": {
        "lines": [
          1,
          1,
          null,
          1,
          2,
          null,
          null,
          1,
          null,
          2,
          null,
          null,
          null,
          null,
          4,
          null,
          null,
          null,
          null,
          null
        ]
      },
      "/Users/igormagalhaes/Desktop/turing/4mod/projects/user_mood/app/serializers/error_serializer.rb": {
        "lines": [
          1,
          1,
          4,
          null,
          null,
          1,
          null,
          4,
          null,
          null,
          null,
          null,
          null,
          null,
          null
        ]
      },
      "/Users/igormagalhaes/Desktop/turing/4mod/projects/user_mood/app/poros/error_object.rb": {
        "lines": [
          1,
          1,
          null,
          1,
          4,
          4,
          null,
          null
        ]
      }
    },
    "timestamp": 1715897721
  }
}
